TN:
SF:src\app.js
FN:25,(anonymous_0)
FNF:1
FNH:1
FNDA:1,(anonymous_0)
DA:1,5
DA:2,5
DA:3,5
DA:4,5
DA:5,5
DA:6,5
DA:7,5
DA:8,5
DA:10,5
DA:13,5
DA:14,5
DA:17,5
DA:18,5
DA:19,5
DA:22,5
DA:25,5
DA:26,1
DA:29,5
LF:18
LH:18
BRF:0
BRH:0
end_of_record
TN:
SF:src\config\db.js
FNF:0
FNH:0
DA:1,5
DA:2,5
DA:3,5
DA:5,5
DA:6,5
DA:7,0
DA:10,5
DA:11,5
LF:8
LH:7
BRDA:6,0,0,0
BRDA:6,0,1,5
BRF:2
BRH:1
end_of_record
TN:
SF:src\controllers\authController.js
FN:6,(anonymous_0)
FN:25,(anonymous_1)
FNF:2
FNH:2
FNDA:6,(anonymous_0)
FNDA:5,(anonymous_1)
DA:1,5
DA:2,5
DA:3,5
DA:5,5
DA:7,6
DA:8,6
DA:9,6
DA:10,0
DA:12,6
DA:13,6
DA:14,1
DA:16,5
DA:17,5
DA:18,5
DA:19,5
DA:21,0
DA:26,5
DA:27,5
DA:28,5
DA:29,0
DA:31,5
DA:32,5
DA:33,4
DA:34,4
DA:35,4
DA:36,4
DA:38,0
DA:43,5
LF:28
LH:24
BRDA:9,0,0,0
BRDA:9,0,1,6
BRDA:9,1,0,6
BRDA:9,1,1,6
BRDA:9,1,2,6
BRDA:13,2,0,1
BRDA:13,2,1,5
BRDA:28,3,0,0
BRDA:28,3,1,5
BRDA:28,4,0,5
BRDA:28,4,1,5
BRDA:32,5,0,1
BRDA:32,5,1,4
BRDA:34,6,0,0
BRDA:34,6,1,4
BRF:15
BRH:12
end_of_record
TN:
SF:src\controllers\bookingsController.js
FN:4,(anonymous_0)
FN:15,(anonymous_1)
FN:24,(anonymous_2)
FNF:3
FNH:3
FNDA:2,(anonymous_0)
FNDA:1,(anonymous_1)
FNDA:1,(anonymous_2)
DA:1,5
DA:3,5
DA:5,2
DA:6,2
DA:7,2
DA:8,2
DA:9,1
DA:11,1
DA:16,1
DA:17,1
DA:18,1
DA:20,0
DA:25,1
DA:26,1
DA:27,1
DA:28,1
DA:30,0
DA:35,5
LF:18
LH:16
BRDA:7,0,0,0
BRDA:7,0,1,2
BRDA:7,1,0,2
BRDA:7,1,1,2
BRDA:7,1,2,2
BRF:5
BRH:4
end_of_record
TN:
SF:src\controllers\roomsController.js
FN:4,(anonymous_0)
FN:13,(anonymous_1)
FN:26,(anonymous_2)
FNF:3
FNH:3
FNDA:2,(anonymous_0)
FNDA:1,(anonymous_1)
FNDA:2,(anonymous_2)
DA:1,5
DA:3,5
DA:5,2
DA:6,2
DA:7,2
DA:9,0
DA:14,1
DA:15,1
DA:16,1
DA:17,0
DA:19,1
DA:20,1
DA:22,0
DA:27,2
DA:28,2
DA:29,2
DA:30,2
DA:31,2
DA:33,0
DA:38,5
LF:20
LH:16
BRDA:16,0,0,0
BRDA:16,0,1,1
BRDA:16,1,0,1
BRDA:16,1,1,1
BRDA:29,2,0,0
BRDA:29,2,1,2
BRDA:29,3,0,2
BRDA:29,3,1,2
BRF:8
BRH:6
end_of_record
TN:
SF:src\middleware\auth.js
FN:3,(anonymous_0)
FNF:1
FNH:1
FNDA:26,(anonymous_0)
DA:1,5
DA:3,5
DA:4,26
DA:5,26
DA:6,12
DA:8,14
DA:9,14
DA:10,14
DA:11,6
DA:12,6
DA:14,8
LF:11
LH:11
BRDA:5,0,0,12
BRDA:5,0,1,14
BRDA:5,1,0,26
BRDA:5,1,1,18
BRF:4
BRH:4
end_of_record
TN:
SF:src\middleware\errorHandler.js
FN:1,(anonymous_0)
FNF:1
FNH:1
FNDA:1,(anonymous_0)
DA:1,5
DA:2,1
DA:4,1
DA:5,1
DA:7,0
DA:8,0
DA:11,0
DA:14,5
LF:8
LH:5
BRDA:4,0,0,1
BRDA:4,0,1,0
BRDA:5,1,0,1
BRDA:5,1,1,0
BRDA:7,2,0,0
BRDA:7,2,1,0
BRF:6
BRH:2
end_of_record
TN:
SF:src\models\Booking.js
FN:4,(anonymous_0)
FN:28,(anonymous_1)
FN:39,(anonymous_2)
FNF:3
FNH:3
FNDA:2,(anonymous_0)
FNDA:1,(anonymous_1)
FNDA:1,(anonymous_2)
DA:1,5
DA:3,5
DA:6,2
DA:14,2
DA:15,1
DA:16,1
DA:17,1
DA:20,1
DA:25,1
DA:29,1
DA:36,1
DA:41,1
DA:42,1
DA:43,1
DA:44,0
DA:45,0
DA:46,0
DA:48,1
DA:49,1
DA:53,5
LF:20
LH:17
BRDA:14,0,0,1
BRDA:14,0,1,1
BRDA:43,1,0,0
BRDA:43,1,1,1
BRDA:43,2,0,1
BRDA:43,2,1,1
BRF:6
BRH:5
end_of_record
TN:
SF:src\models\Room.js
FN:4,(anonymous_0)
FN:9,(anonymous_1)
FN:18,(anonymous_2)
FN:25,(anonymous_3)
FN:27,(anonymous_4)
FNF:5
FNH:5
FNDA:2,(anonymous_0)
FNDA:2,(anonymous_1)
FNDA:1,(anonymous_2)
FNDA:1,(anonymous_3)
FNDA:10,(anonymous_4)
DA:1,5
DA:3,5
DA:5,2
DA:6,2
DA:10,2
DA:15,2
DA:19,1
DA:25,1
DA:26,1
DA:27,10
DA:31,5
LF:11
LH:11
BRDA:9,0,0,0
BRF:1
BRH:0
end_of_record
TN:
SF:src\models\User.js
FN:4,(anonymous_0)
FN:13,(anonymous_1)
FN:18,(anonymous_2)
FNF:3
FNH:2
FNDA:5,(anonymous_0)
FNDA:11,(anonymous_1)
FNDA:0,(anonymous_2)
DA:1,5
DA:3,5
DA:5,5
DA:10,5
DA:14,11
DA:15,11
DA:19,0
DA:20,0
DA:24,5
LF:9
LH:7
BRDA:15,0,0,11
BRDA:15,0,1,6
BRDA:20,1,0,0
BRDA:20,1,1,0
BRF:4
BRH:2
end_of_record
TN:
SF:src\routes\auth.js
FNF:0
FNH:0
DA:1,5
DA:2,5
DA:3,5
DA:5,5
DA:6,5
DA:8,5
LF:6
LH:6
BRF:0
BRH:0
end_of_record
TN:
SF:src\routes\bookings.js
FNF:0
FNH:0
DA:1,5
DA:2,5
DA:3,5
DA:4,5
DA:6,5
DA:7,5
DA:8,5
DA:10,5
LF:8
LH:8
BRF:0
BRH:0
end_of_record
TN:
SF:src\routes\rooms.js
FNF:0
FNH:0
DA:1,5
DA:2,5
DA:3,5
DA:4,5
DA:6,5
DA:7,5
DA:8,5
DA:10,5
LF:8
LH:8
BRF:0
BRH:0
end_of_record
