TN:
SF:src\app.js
FN:28,(anonymous_0)
FNF:1
FNH:1
FNDA:5,(anonymous_0)
DA:1,6
DA:2,6
DA:3,6
DA:4,6
DA:5,6
DA:6,6
DA:7,6
DA:8,6
DA:10,6
DA:13,6
DA:14,6
DA:17,6
DA:20,6
DA:21,6
DA:22,6
DA:25,6
DA:28,6
DA:29,5
DA:32,6
LF:19
LH:19
BRF:0
BRH:0
end_of_record
TN:
SF:src\config\db.js
FNF:0
FNH:0
DA:1,8
DA:2,8
DA:3,8
DA:5,8
DA:6,8
DA:7,0
DA:10,8
DA:11,8
LF:8
LH:7
BRDA:6,0,0,0
BRDA:6,0,1,8
BRF:2
BRH:1
end_of_record
TN:
SF:src\controllers\authController.js
FN:6,(anonymous_0)
FN:25,(anonymous_1)
FNF:2
FNH:2
FNDA:6,(anonymous_0)
FNDA:5,(anonymous_1)
DA:1,6
DA:2,6
DA:3,6
DA:5,6
DA:7,6
DA:8,6
DA:9,6
DA:10,0
DA:12,6
DA:13,6
DA:14,1
DA:16,5
DA:17,5
DA:18,5
DA:19,5
DA:21,0
DA:26,5
DA:27,5
DA:28,5
DA:29,0
DA:31,5
DA:32,5
DA:33,4
DA:34,4
DA:35,4
DA:36,4
DA:38,0
DA:43,6
LF:28
LH:24
BRDA:9,0,0,0
BRDA:9,0,1,6
BRDA:9,1,0,6
BRDA:9,1,1,6
BRDA:9,1,2,6
BRDA:13,2,0,1
BRDA:13,2,1,5
BRDA:28,3,0,0
BRDA:28,3,1,5
BRDA:28,4,0,5
BRDA:28,4,1,5
BRDA:32,5,0,1
BRDA:32,5,1,4
BRDA:34,6,0,0
BRDA:34,6,1,4
BRF:15
BRH:12
end_of_record
TN:
SF:src\controllers\bookingsController.js
FN:4,(anonymous_0)
FN:15,(anonymous_1)
FN:24,(anonymous_2)
FNF:3
FNH:3
FNDA:6,(anonymous_0)
FNDA:1,(anonymous_1)
FNDA:1,(anonymous_2)
DA:1,7
DA:3,7
DA:5,6
DA:6,6
DA:7,6
DA:8,5
DA:9,1
DA:11,4
DA:16,1
DA:17,1
DA:18,1
DA:20,0
DA:25,1
DA:26,1
DA:27,1
DA:28,1
DA:30,0
DA:35,7
LF:18
LH:16
BRDA:7,0,0,1
BRDA:7,0,1,5
BRDA:7,1,0,6
BRDA:7,1,1,5
BRDA:7,1,2,5
BRF:5
BRH:5
end_of_record
TN:
SF:src\controllers\roomsController.js
FN:4,(anonymous_0)
FN:13,(anonymous_1)
FN:26,(anonymous_2)
FNF:3
FNH:3
FNDA:7,(anonymous_0)
FNDA:9,(anonymous_1)
FNDA:3,(anonymous_2)
DA:1,8
DA:3,8
DA:5,7
DA:6,7
DA:7,7
DA:9,0
DA:14,9
DA:15,9
DA:16,9
DA:17,1
DA:19,8
DA:20,8
DA:22,0
DA:27,3
DA:28,3
DA:29,3
DA:30,2
DA:31,2
DA:33,0
DA:38,8
LF:20
LH:17
BRDA:16,0,0,1
BRDA:16,0,1,8
BRDA:16,1,0,9
BRDA:16,1,1,8
BRDA:29,2,0,1
BRDA:29,2,1,2
BRDA:29,3,0,3
BRDA:29,3,1,2
BRF:8
BRH:8
end_of_record
TN:
SF:src\middleware\auth.js
FN:3,(anonymous_0)
FNF:1
FNH:1
FNDA:46,(anonymous_0)
DA:1,8
DA:3,8
DA:4,46
DA:5,46
DA:6,22
DA:8,24
DA:9,24
DA:10,24
DA:11,11
DA:12,11
DA:14,13
LF:11
LH:11
BRDA:5,0,0,22
BRDA:5,0,1,24
BRDA:5,1,0,46
BRDA:5,1,1,37
BRF:4
BRH:4
end_of_record
TN:
SF:src\middleware\errorHandler.js
FN:1,(anonymous_0)
FNF:1
FNH:1
FNDA:7,(anonymous_0)
DA:1,7
DA:2,7
DA:4,7
DA:5,2
DA:7,5
DA:8,1
DA:11,4
DA:14,7
LF:8
LH:8
BRDA:4,0,0,2
BRDA:4,0,1,5
BRDA:5,1,0,2
BRDA:5,1,1,0
BRDA:7,2,0,1
BRDA:7,2,1,4
BRF:6
BRH:5
end_of_record
TN:
SF:src\models\Booking.js
FN:4,(anonymous_0)
FN:28,(anonymous_1)
FN:39,(anonymous_2)
FNF:3
FNH:3
FNDA:5,(anonymous_0)
FNDA:1,(anonymous_1)
FNDA:1,(anonymous_2)
DA:1,7
DA:3,7
DA:6,5
DA:14,5
DA:15,1
DA:16,1
DA:17,1
DA:20,4
DA:25,1
DA:29,1
DA:36,1
DA:41,1
DA:42,1
DA:43,1
DA:44,0
DA:45,0
DA:46,0
DA:48,1
DA:49,1
DA:53,7
LF:20
LH:17
BRDA:14,0,0,1
BRDA:14,0,1,4
BRDA:43,1,0,0
BRDA:43,1,1,1
BRDA:43,2,0,1
BRDA:43,2,1,1
BRF:6
BRH:5
end_of_record
TN:
SF:src\models\Room.js
FN:4,(anonymous_0)
FN:9,(anonymous_1)
FN:18,(anonymous_2)
FN:25,(anonymous_3)
FN:27,(anonymous_4)
FNF:5
FNH:4
FNDA:7,(anonymous_0)
FNDA:2,(anonymous_1)
FNDA:8,(anonymous_2)
FNDA:0,(anonymous_3)
FNDA:34,(anonymous_4)
DA:1,8
DA:3,8
DA:5,7
DA:6,7
DA:10,2
DA:15,2
DA:19,8
DA:25,8
DA:26,8
DA:27,34
DA:31,8
LF:11
LH:11
BRDA:9,0,0,0
BRF:1
BRH:0
end_of_record
TN:
SF:src\models\User.js
FN:4,(anonymous_0)
FN:13,(anonymous_1)
FN:18,(anonymous_2)
FNF:3
FNH:2
FNDA:5,(anonymous_0)
FNDA:11,(anonymous_1)
FNDA:0,(anonymous_2)
DA:1,6
DA:3,6
DA:5,5
DA:10,5
DA:14,11
DA:15,11
DA:19,0
DA:20,0
DA:24,6
LF:9
LH:7
BRDA:15,0,0,11
BRDA:15,0,1,6
BRDA:20,1,0,0
BRDA:20,1,1,0
BRF:4
BRH:2
end_of_record
TN:
SF:src\routes\auth.js
FNF:0
FNH:0
DA:1,6
DA:2,6
DA:3,6
DA:5,6
DA:6,6
DA:8,6
LF:6
LH:6
BRF:0
BRH:0
end_of_record
TN:
SF:src\routes\bookings.js
FNF:0
FNH:0
DA:1,6
DA:2,6
DA:3,6
DA:4,6
DA:6,6
DA:7,6
DA:8,6
DA:10,6
LF:8
LH:8
BRF:0
BRH:0
end_of_record
TN:
SF:src\routes\rooms.js
FNF:0
FNH:0
DA:1,6
DA:2,6
DA:3,6
DA:4,6
DA:6,6
DA:7,6
DA:8,6
DA:10,6
LF:8
LH:8
BRF:0
BRH:0
end_of_record
